<?xml version="1.0" encoding="UTF-8"?>
<testng-results skipped="0" failed="0" total="1" passed="1">
  <reporter-output>
  </reporter-output>
  <suite name="All Test Suite" duration-ms="13535" started-at="2022-05-31T12:24:54Z" finished-at="2022-05-31T12:25:08Z">
    <groups>
    </groups>
    <test name="E:/28. TTTN/TTTN" duration-ms="13535" started-at="2022-05-31T12:24:54Z" finished-at="2022-05-31T12:25:08Z">
      <class name="Railway.Logout.TC101">
        <test-method status="PASS" signature="beforeMethod()[pri:0, instance:Railway.Logout.TC101@4157f54e]" name="beforeMethod" is-config="true" duration-ms="5685" started-at="2022-05-31T19:24:54Z" finished-at="2022-05-31T19:25:00Z">
          <reporter-output>
          </reporter-output>
        </test-method> <!-- beforeMethod -->
        <test-method status="PASS" signature="TC101()[pri:0, instance:Railway.Logout.TC101@4157f54e]" name="TC101" duration-ms="7059" started-at="2022-05-31T19:25:00Z" description="TC101 - User can logout" finished-at="2022-05-31T19:25:07Z">
          <reporter-output>
          </reporter-output>
        </test-method> <!-- TC101 -->
        <test-method status="PASS" signature="afterMethod()[pri:0, instance:Railway.Logout.TC101@4157f54e]" name="afterMethod" is-config="true" duration-ms="768" started-at="2022-05-31T19:25:07Z" finished-at="2022-05-31T19:25:08Z">
          <reporter-output>
          </reporter-output>
        </test-method> <!-- afterMethod -->
      </class> <!-- Railway.Logout.TC101 -->
    </test> <!-- E:/28. TTTN/TTTN -->
  </suite> <!-- All Test Suite -->
</testng-results>
